[1620431820.802904] [1006] [II] Parsing configuration file /root/neo-kaiyu/examples/00-reverse-path-filtering/network.toml
[1620431820.803431] [1006] [II] Loaded 9 nodes
[1620431820.803468] [1006] [II] Loaded 9 links
[1620431820.805359] [1006] [II] Loaded 3 policies
[1620431820.805400] [1006] [II] Finished parsing
[1620431820.806071] [1007] [II] ====================
[1620431820.806201] [1007] [II] 1. Verifying reachability [ h1 h2 h3 ] ---> [ server ]
[1620431820.806240] [1007] [II] Packet ECs: 1
[1620431820.806270] [1007] [II] Communications: 1
[1620431820.806735] [1007] [II] Working Dir: /root/neo-kaiyu/output/1
[1620431820.807114] [1008] [II] ---verify_ec---
[1620431820.807183] [1008] [II] neo
[1620431820.807198] [1008] [II] -b
[1620431820.807212] [1008] [II] -E
[1620431820.807225] [1008] [II] -n
[1620431820.807239] [1008] [II] -t1008.trail
[1620431820.807253] [1008] [II]  youl 
[1620431821.122054] [1009] [II] ====================
[1620431821.122195] [1009] [II] 2. Verifying reachability [ server ] -X-> [ r3 h1 fw h3 h2 s1 r1 r2 ]
[1620431821.122224] [1009] [II] Packet ECs: 12
[1620431821.122243] [1009] [II] Communications: 1
[1620431821.123373] [1009] [II] Working Dir: /root/neo-kaiyu/output/2
[1620431821.125959] [1014] [II] ---verify_ec---
[1620431821.126100] [1014] [II] neo
[1620431821.126122] [1014] [II] -b
[1620431821.126138] [1014] [II] -E
[1620431821.126154] [1014] [II] -n
[1620431821.126171] [1014] [II] -t1014.trail
[1620431821.126187] [1014] [II]  youl 
[1620431821.128846] [1013] [II] ---verify_ec---
[1620431821.128994] [1013] [II] neo
[1620431821.129025] [1013] [II] -b
[1620431821.129051] [1013] [II] -E
[1620431821.129076] [1013] [II] -n
[1620431821.129123] [1013] [II] -t1013.trail
[1620431821.129150] [1013] [II]  youl 
[1620431821.132940] [1012] [II] ---verify_ec---
[1620431821.133114] [1012] [II] neo
[1620431821.133140] [1012] [II] -b
[1620431821.133161] [1012] [II] -E
[1620431821.133181] [1012] [II] -n
[1620431821.133200] [1012] [II] -t1012.trail
[1620431821.133218] [1012] [II]  youl 
[1620431821.136884] [1015] [II] ---verify_ec---
[1620431821.137052] [1015] [II] neo
[1620431821.137075] [1015] [II] -b
[1620431821.137111] [1015] [II] -E
[1620431821.137130] [1015] [II] -n
[1620431821.137149] [1015] [II] -t1015.trail
[1620431821.137188] [1015] [II]  youl 
[1620431821.140875] [1016] [II] ---verify_ec---
[1620431821.141029] [1016] [II] neo
[1620431821.141060] [1016] [II] -b
[1620431821.141101] [1016] [II] -E
[1620431821.141129] [1016] [II] -n
[1620431821.141160] [1016] [II] -t1016.trail
[1620431821.141191] [1016] [II]  youl 
[1620431821.144856] [1011] [II] ---verify_ec---
[1620431821.144991] [1011] [II] neo
[1620431821.145009] [1011] [II] -b
[1620431821.145023] [1011] [II] -E
[1620431821.145037] [1011] [II] -n
[1620431821.145061] [1011] [II] -t1011.trail
[1620431821.145105] [1011] [II]  youl 
[1620431821.149250] [1017] [II] ---verify_ec---
[1620431821.149427] [1017] [II] neo
[1620431821.149458] [1017] [II] -b
[1620431821.149563] [1017] [II] -E
[1620431821.149599] [1017] [II] -n
[1620431821.149624] [1017] [II] -t1017.trail
[1620431821.149656] [1017] [II]  youl 
[1620431821.152954] [1010] [II] ---verify_ec---
[1620431821.153129] [1010] [II] neo
[1620431821.153161] [1010] [II] -b
[1620431821.153188] [1010] [II] -E
[1620431821.153216] [1010] [II] -n
[1620431821.153241] [1010] [II] -t1010.trail
[1620431821.153268] [1010] [II]  youl 
[1620431824.025055] [1019] [II] ---verify_ec---
[1620431824.025222] [1019] [II] neo
[1620431824.025251] [1019] [II] -b
[1620431824.025279] [1019] [II] -E
[1620431824.025304] [1019] [II] -n
[1620431824.025331] [1019] [II] -t1019.trail
[1620431824.025356] [1019] [II]  youl 
[1620431824.044970] [1020] [II] ---verify_ec---
[1620431824.045105] [1020] [II] neo
[1620431824.045135] [1020] [II] -b
[1620431824.045160] [1020] [II] -E
[1620431824.045185] [1020] [II] -n
[1620431824.045210] [1020] [II] -t1020.trail
[1620431824.045237] [1020] [II]  youl 
[1620431824.068990] [1021] [II] ---verify_ec---
[1620431824.069145] [1021] [II] neo
[1620431824.069174] [1021] [II] -b
[1620431824.069208] [1021] [II] -E
[1620431824.069292] [1021] [II] -n
[1620431824.069320] [1021] [II] -t1021.trail
[1620431824.069346] [1021] [II]  youl 
[1620431824.097533] [1022] [II] ---verify_ec---
[1620431824.097646] [1022] [II] neo
[1620431824.097664] [1022] [II] -b
[1620431824.097678] [1022] [II] -E
[1620431824.097692] [1022] [II] -n
[1620431824.097705] [1022] [II] -t1022.trail
[1620431824.097719] [1022] [II]  youl 
[1620431824.838115] [1024] [II] ====================
[1620431824.838208] [1024] [II] 3. Verifying reply-reachability [ h1 h2 h3 ] -> [ server ] ---> original sender
[1620431824.838230] [1024] [II] Packet ECs: 1
[1620431824.838246] [1024] [II] Communications: 1
[1620431824.839416] [1024] [II] Working Dir: /root/neo-kaiyu/output/3
[1620431824.839643] [1025] [II] ---verify_ec---
[1620431824.839703] [1025] [II] neo
[1620431824.839718] [1025] [II] -b
[1620431824.839731] [1025] [II] -E
[1620431824.839745] [1025] [II] -n
[1620431824.839758] [1025] [II] -t1025.trail
[1620431824.839771] [1025] [II]  youl 
[1620431825.035916] [1006] [II] ====================
[1620431825.035956] [1006] [II] Time: 4230224 microseconds
[1620431825.035970] [1006] [II] Memory: 135324 kilobytes
